<?xml version="1.0" encoding="UTF-8"?>
<!-- Generated by org.testng.reporters.JUnitReportReporter -->
<testsuite ignored="0" hostname="TestingFer" failures="0" tests="1" name="CoolTesters.Selenium.AppTest" time="0.010" errors="0" timestamp="12 sep. 2020 13:50:30 GMT" skipped="0">
  <testcase classname="CoolTesters.Selenium.AppTest" name="shouldAnswerWithTrue" time="0.010"/>
</testsuite> <!-- CoolTesters.Selenium.AppTest -->
